<?xml version="1.0" encoding="UTF-8"?>
<testsuite name="taller4.TestTaller4" tests="11" skipped="0" failures="0" errors="0" timestamp="2023-12-04T00:20:40" hostname="JUAN" time="0.162">
  <properties/>
  <testcase name="testSuma" classname="taller4.TestTaller4" time="0.081"/>
  <testcase name="testResta" classname="taller4.TestTaller4" time="0.003"/>
  <testcase name="testMultMatriz" classname="taller4.TestTaller4" time="0.01"/>
  <testcase name="testMultMatrizRecursivo" classname="taller4.TestTaller4" time="0.014"/>
  <testcase name="testmultMatrizRecPar" classname="taller4.TestTaller4" time="0.006"/>
  <testcase name="testMultMatrizPar" classname="taller4.TestTaller4" time="0.019"/>
  <testcase name="testStrassen" classname="taller4.TestTaller4" time="0.007"/>
  <testcase name="testStrassenPar" classname="taller4.TestTaller4" time="0.006"/>
  <testcase name="testProductoPunto" classname="taller4.TestTaller4" time="0.001"/>
  <testcase name="testprodPuntoParD" classname="taller4.TestTaller4" time="0.001"/>
  <testcase name="testSubMatriz" classname="taller4.TestTaller4" time="0.002"/>
  <system-out><![CDATA[]]></system-out>
  <system-err><![CDATA[]]></system-err>
</testsuite>
